[2024-09-30 00:03:55] INFO 7 140630226742144 Watching for file changes with StatReloader
[2024-09-30 00:03:55] INFO 7 140630226742144 Watching for file changes with StatReloader
[2024-09-30 00:05:16] INFO 7 140324878592896 Watching for file changes with StatReloader
[2024-09-30 00:05:16] INFO 7 140324878592896 Watching for file changes with StatReloader
[2024-09-30 00:09:25] INFO 8 139864784870272 Watching for file changes with StatReloader
[2024-09-30 00:09:25] INFO 8 139864784870272 Watching for file changes with StatReloader
[2024-09-30 00:20:20] INFO 8 139858589428608 Watching for file changes with StatReloader
[2024-09-30 00:20:20] INFO 8 139858589428608 Watching for file changes with StatReloader
[2024-09-30 00:20:49] INFO 7 140021865913216 Watching for file changes with StatReloader
[2024-09-30 00:20:49] INFO 7 140021865913216 Watching for file changes with StatReloader
[2024-09-30 00:35:50] INFO 7 139775994624896 Watching for file changes with StatReloader
[2024-09-30 00:35:50] INFO 7 139775994624896 Watching for file changes with StatReloader
[2024-09-30 06:22:42] INFO 7 140199786744704 Watching for file changes with StatReloader
[2024-09-30 06:22:42] INFO 7 140199786744704 Watching for file changes with StatReloader
[2024-09-30 06:24:43] INFO 7 140199786744704 /app/server/interview/views.py changed, reloading.
[2024-09-30 06:24:43] INFO 7 140199786744704 /app/server/interview/views.py changed, reloading.
[2024-09-30 06:24:44] INFO 16 140351264353152 Watching for file changes with StatReloader
[2024-09-30 06:24:44] INFO 16 140351264353152 Watching for file changes with StatReloader
[2024-09-30 06:24:49] INFO 16 140351264353152 /app/server/interview/views.py changed, reloading.
[2024-09-30 06:24:49] INFO 16 140351264353152 /app/server/interview/views.py changed, reloading.
[2024-09-30 06:24:50] INFO 25 140356455775104 Watching for file changes with StatReloader
[2024-09-30 06:24:50] INFO 25 140356455775104 Watching for file changes with StatReloader
[2024-09-30 06:28:33] INFO 25 140356455775104 /app/server/interview/views.py changed, reloading.
[2024-09-30 06:28:33] INFO 25 140356455775104 /app/server/interview/views.py changed, reloading.
[2024-09-30 06:28:34] INFO 34 139657998347136 Watching for file changes with StatReloader
[2024-09-30 06:28:34] INFO 34 139657998347136 Watching for file changes with StatReloader
[2024-09-30 06:29:49] INFO 34 139657998347136 /app/server/interview/views.py changed, reloading.
[2024-09-30 06:29:49] INFO 34 139657998347136 /app/server/interview/views.py changed, reloading.
[2024-09-30 06:29:50] INFO 43 140580570241920 Watching for file changes with StatReloader
[2024-09-30 06:29:50] INFO 43 140580570241920 Watching for file changes with StatReloader
[2024-09-30 06:32:06] INFO 43 140580570241920 /app/server/interview/views.py changed, reloading.
[2024-09-30 06:32:06] INFO 43 140580570241920 /app/server/interview/views.py changed, reloading.
[2024-09-30 06:32:07] INFO 52 140080389360512 Watching for file changes with StatReloader
[2024-09-30 06:32:07] INFO 52 140080389360512 Watching for file changes with StatReloader
[2024-09-30 06:32:27] INFO 52 140080389360512 /app/server/interview/views.py changed, reloading.
[2024-09-30 06:32:27] INFO 52 140080389360512 /app/server/interview/views.py changed, reloading.
[2024-09-30 06:32:27] INFO 61 139851186908032 Watching for file changes with StatReloader
[2024-09-30 06:32:27] INFO 61 139851186908032 Watching for file changes with StatReloader
[2024-09-30 06:34:14] INFO 61 139851186908032 /app/server/interview/views.py changed, reloading.
[2024-09-30 06:34:14] INFO 61 139851186908032 /app/server/interview/views.py changed, reloading.
[2024-09-30 06:34:15] INFO 70 140014616025984 Watching for file changes with StatReloader
[2024-09-30 06:34:15] INFO 70 140014616025984 Watching for file changes with StatReloader
[2024-09-30 06:34:29] INFO 70 140014616025984 /app/server/interview/views.py changed, reloading.
[2024-09-30 06:34:29] INFO 70 140014616025984 /app/server/interview/views.py changed, reloading.
[2024-09-30 06:34:30] INFO 72 139996224998272 Watching for file changes with StatReloader
[2024-09-30 06:34:30] INFO 72 139996224998272 Watching for file changes with StatReloader
[2024-09-30 06:35:03] INFO 7 140379582364544 Watching for file changes with StatReloader
[2024-09-30 06:35:03] INFO 7 140379582364544 Watching for file changes with StatReloader
[2024-09-30 06:37:15] ERROR 7 140379080849088 Internal Server Error: /interview/all/
Traceback (most recent call last):
  File "/usr/local/lib/python3.9/site-packages/django/core/handlers/exception.py", line 55, in inner
    response = get_response(request)
  File "/usr/local/lib/python3.9/site-packages/django/core/handlers/base.py", line 197, in _get_response
    response = wrapped_callback(request, *callback_args, **callback_kwargs)
  File "/usr/local/lib/python3.9/site-packages/django/views/decorators/csrf.py", line 56, in wrapper_view
    return view_func(*args, **kwargs)
  File "/usr/local/lib/python3.9/site-packages/django/views/generic/base.py", line 104, in view
    return self.dispatch(request, *args, **kwargs)
  File "/usr/local/lib/python3.9/site-packages/rest_framework/views.py", line 509, in dispatch
    response = self.handle_exception(exc)
  File "/usr/local/lib/python3.9/site-packages/rest_framework/views.py", line 469, in handle_exception
    self.raise_uncaught_exception(exc)
  File "/usr/local/lib/python3.9/site-packages/rest_framework/views.py", line 480, in raise_uncaught_exception
    raise exc
  File "/usr/local/lib/python3.9/site-packages/rest_framework/views.py", line 506, in dispatch
    response = handler(request, *args, **kwargs)
  File "/app/server/interview/views.py", line 340, in get
    if not interviews.exists():
NameError: name 'interviews' is not defined
[2024-09-30 06:37:15] ERROR 7 140379080849088 Internal Server Error: /interview/all/
Traceback (most recent call last):
  File "/usr/local/lib/python3.9/site-packages/django/core/handlers/exception.py", line 55, in inner
    response = get_response(request)
  File "/usr/local/lib/python3.9/site-packages/django/core/handlers/base.py", line 197, in _get_response
    response = wrapped_callback(request, *callback_args, **callback_kwargs)
  File "/usr/local/lib/python3.9/site-packages/django/views/decorators/csrf.py", line 56, in wrapper_view
    return view_func(*args, **kwargs)
  File "/usr/local/lib/python3.9/site-packages/django/views/generic/base.py", line 104, in view
    return self.dispatch(request, *args, **kwargs)
  File "/usr/local/lib/python3.9/site-packages/rest_framework/views.py", line 509, in dispatch
    response = self.handle_exception(exc)
  File "/usr/local/lib/python3.9/site-packages/rest_framework/views.py", line 469, in handle_exception
    self.raise_uncaught_exception(exc)
  File "/usr/local/lib/python3.9/site-packages/rest_framework/views.py", line 480, in raise_uncaught_exception
    raise exc
  File "/usr/local/lib/python3.9/site-packages/rest_framework/views.py", line 506, in dispatch
    response = handler(request, *args, **kwargs)
  File "/app/server/interview/views.py", line 340, in get
    if not interviews.exists():
NameError: name 'interviews' is not defined
[2024-09-30 06:37:15] ERROR 7 140379080849088 "GET /interview/all/ HTTP/1.1" 500 145
[2024-09-30 06:37:15] ERROR 7 140379080849088 "GET /interview/all/ HTTP/1.1" 500 145
[2024-09-30 06:37:25] INFO 7 140379582364544 /app/server/interview/views.py changed, reloading.
[2024-09-30 06:37:25] INFO 7 140379582364544 /app/server/interview/views.py changed, reloading.
[2024-09-30 06:37:26] INFO 18 139652671056768 Watching for file changes with StatReloader
[2024-09-30 06:37:26] INFO 18 139652671056768 Watching for file changes with StatReloader
[2024-09-30 06:37:29] WARNING 18 139652178609856 Not Found: /interview/all/
[2024-09-30 06:37:29] WARNING 18 139652178609856 Not Found: /interview/all/
[2024-09-30 06:37:29] WARNING 18 139652178609856 "GET /interview/all/ HTTP/1.1" 404 33
[2024-09-30 06:37:29] WARNING 18 139652178609856 "GET /interview/all/ HTTP/1.1" 404 33
[2024-09-30 06:37:38] INFO 18 139652671056768 /app/server/interview/views.py changed, reloading.
[2024-09-30 06:37:38] INFO 18 139652671056768 /app/server/interview/views.py changed, reloading.
[2024-09-30 06:37:39] INFO 29 140459545586560 Watching for file changes with StatReloader
[2024-09-30 06:37:39] INFO 29 140459545586560 Watching for file changes with StatReloader
[2024-09-30 06:37:43] INFO 29 140459545586560 /app/server/interview/views.py changed, reloading.
[2024-09-30 06:37:43] INFO 29 140459545586560 /app/server/interview/views.py changed, reloading.
[2024-09-30 06:37:44] INFO 38 140224838794112 Watching for file changes with StatReloader
[2024-09-30 06:37:44] INFO 38 140224838794112 Watching for file changes with StatReloader
[2024-09-30 06:37:47] WARNING 38 140224344590016 Forbidden: /interview/all/
[2024-09-30 06:37:47] WARNING 38 140224344590016 Forbidden: /interview/all/
[2024-09-30 06:37:47] WARNING 38 140224344590016 "GET /interview/all/ HTTP/1.1" 403 58
[2024-09-30 06:37:47] WARNING 38 140224344590016 "GET /interview/all/ HTTP/1.1" 403 58
